push_notification/android/app/build/intermediates/manifest_merge_blame_file/debug/manifest-merger-blame-debug-report.txt
1<?xml version="1.0" encoding="utf-8"?>
2<manifest xmlns:android="http://schemas.android.com/apk/res/android"
3    package="com.example.push_notification"
4    android:versionCode="1"
5    android:versionName="1.0" >
6
7    <uses-sdk
8        android:minSdkVersion="23"
9        android:targetSdkVersion="34" />
10    <!--
11         The INTERNET permission is required for development. Specifically,
12         the Flutter tool needs it to communicate with the running application
13         to allow setting breakpoints, to provide hot reload, etc.
14    -->
15    <uses-permission android:name="android.permission.INTERNET" />
15-->src\debug\AndroidManifest.xml:6:5-66
15-->src\debug\AndroidManifest.xml:6:22-64
16    <!--
17     Required to query activities that can process text, see:
18         https://developer.android.com/training/package-visibility and
19         https://developer.android.com/reference/android/content/Intent#ACTION_PROCESS_TEXT.
20
21         In particular, this is used by the Flutter engine in io.flutter.plugin.text.ProcessTextPlugin.
22    -->
23    <queries>
23-->src\main\AndroidManifest.xml:41:5-46:15
24        <intent>
24-->src\main\AndroidManifest.xml:42:9-45:18
25            <action android:name="android.intent.action.PROCESS_TEXT" />
25-->src\main\AndroidManifest.xml:43:13-72
25-->src\main\AndroidManifest.xml:43:21-70
26
27            <data android:mimeType="text/plain" />
27-->src\main\AndroidManifest.xml:44:13-50
27-->src\main\AndroidManifest.xml:44:19-48
28        </intent>
29        <intent>
29-->[com.google.firebase:firebase-inappmessaging-display:21.0.1] AndroidManifest.xml:11:9-15:18
30            <action android:name="android.intent.action.VIEW" />
30-->[com.google.firebase:firebase-auth:23.2.0] AndroidManifest.xml:36:17-69
30-->[com.google.firebase:firebase-auth:23.2.0] AndroidManifest.xml:36:25-66
31
32            <data android:scheme="https" />
32-->src\main\AndroidManifest.xml:44:13-50
33        </intent>
34    </queries>
35
36    <uses-permission android:name="android.permission.WAKE_LOCK" />
36-->[:firebase_messaging] AndroidManifest.xml:8:5-68
36-->[:firebase_messaging] AndroidManifest.xml:8:22-65
37    <uses-permission android:name="android.permission.ACCESS_NETWORK_STATE" /> <!-- Permissions options for the `notification` group -->
37-->[:firebase_messaging] AndroidManifest.xml:9:5-79
37-->[:firebase_messaging] AndroidManifest.xml:9:22-76
38    <uses-permission android:name="android.permission.POST_NOTIFICATIONS" /> <!-- Required by older versions of Google Play services to create IID tokens -->
38-->[:firebase_messaging] AndroidManifest.xml:11:5-77
38-->[:firebase_messaging] AndroidManifest.xml:11:22-74
39    <uses-permission android:name="com.google.android.c2dm.permission.RECEIVE" />
39-->[com.google.firebase:firebase-messaging:24.1.0] AndroidManifest.xml:26:5-82
39-->[com.google.firebase:firebase-messaging:24.1.0] AndroidManifest.xml:26:22-79
40    <uses-permission android:name="com.google.android.gms.permission.AD_ID" />
40-->[com.google.android.gms:play-services-measurement-api:22.2.0] AndroidManifest.xml:25:5-79
40-->[com.google.android.gms:play-services-measurement-api:22.2.0] AndroidManifest.xml:25:22-76
41    <uses-permission android:name="android.permission.ACCESS_ADSERVICES_ATTRIBUTION" />
41-->[com.google.android.gms:play-services-measurement-api:22.2.0] AndroidManifest.xml:26:5-88
41-->[com.google.android.gms:play-services-measurement-api:22.2.0] AndroidManifest.xml:26:22-85
42    <uses-permission android:name="android.permission.ACCESS_ADSERVICES_AD_ID" />
42-->[com.google.android.gms:play-services-measurement-api:22.2.0] AndroidManifest.xml:27:5-82
42-->[com.google.android.gms:play-services-measurement-api:22.2.0] AndroidManifest.xml:27:22-79
43    <uses-permission android:name="com.google.android.finsky.permission.BIND_GET_INSTALL_REFERRER_SERVICE" />
43-->[com.google.android.gms:play-services-measurement:22.2.0] AndroidManifest.xml:26:5-110
43-->[com.google.android.gms:play-services-measurement:22.2.0] AndroidManifest.xml:26:22-107
44    <uses-permission android:name="com.google.android.providers.gsf.permission.READ_GSERVICES" />
44-->[com.google.android.recaptcha:recaptcha:18.6.1] AndroidManifest.xml:9:5-98
44-->[com.google.android.recaptcha:recaptcha:18.6.1] AndroidManifest.xml:9:22-95
45
46    <permission
46-->[androidx.core:core:1.13.1] AndroidManifest.xml:22:5-24:47
47        android:name="com.example.push_notification.DYNAMIC_RECEIVER_NOT_EXPORTED_PERMISSION"
47-->[androidx.core:core:1.13.1] AndroidManifest.xml:23:9-81
48        android:protectionLevel="signature" />
48-->[androidx.core:core:1.13.1] AndroidManifest.xml:24:9-44
49
50    <uses-permission android:name="com.example.push_notification.DYNAMIC_RECEIVER_NOT_EXPORTED_PERMISSION" />
50-->[androidx.core:core:1.13.1] AndroidManifest.xml:26:5-97
50-->[androidx.core:core:1.13.1] AndroidManifest.xml:26:22-94
51
52    <application
53        android:name="android.app.Application"
54        android:appComponentFactory="androidx.core.app.CoreComponentFactory"
54-->[androidx.core:core:1.13.1] AndroidManifest.xml:28:18-86
55        android:debuggable="true"
56        android:extractNativeLibs="false"
57        android:icon="@mipmap/ic_launcher"
58        android:label="push_notification" >
59        <activity
60            android:name="com.example.push_notification.MainActivity"
61            android:configChanges="orientation|keyboardHidden|keyboard|screenSize|smallestScreenSize|locale|layoutDirection|fontScale|screenLayout|density|uiMode"
62            android:exported="true"
63            android:hardwareAccelerated="true"
64            android:launchMode="singleTop"
65            android:taskAffinity=""
66            android:theme="@style/LaunchTheme"
67            android:windowSoftInputMode="adjustResize" >
68
69            <!--
70                 Specifies an Android theme to apply to this Activity as soon as
71                 the Android process has started. This theme is visible to the user
72                 while the Flutter UI initializes. After that, this theme continues
73                 to determine the Window background behind the Flutter UI.
74            -->
75            <meta-data
76                android:name="io.flutter.embedding.android.NormalTheme"
77                android:resource="@style/NormalTheme" />
78
79            <intent-filter>
80                <action android:name="android.intent.action.MAIN" />
81
82                <category android:name="android.intent.category.LAUNCHER" />
83            </intent-filter>
84        </activity>
85        <!--
86             Don't delete the meta-data below.
87             This is used by the Flutter tool to generate GeneratedPluginRegistrant.java
88        -->
89        <meta-data
90            android:name="flutterEmbedding"
91            android:value="2" />
92
93        <service
93-->[:firebase_app_check] AndroidManifest.xml:8:9-12:19
94            android:name="com.google.firebase.components.ComponentDiscoveryService"
94-->[:firebase_app_check] AndroidManifest.xml:8:18-89
95            android:directBootAware="true"
95-->[com.google.firebase:firebase-common:21.0.0] AndroidManifest.xml:32:13-43
96            android:exported="false" >
96-->[com.google.firebase:firebase-appcheck-debug:18.0.0] AndroidManifest.xml:24:13-37
97            <meta-data
97-->[:firebase_app_check] AndroidManifest.xml:9:13-11:85
98                android:name="com.google.firebase.components:io.flutter.plugins.firebase.appcheck.FlutterFirebaseAppRegistrar"
98-->[:firebase_app_check] AndroidManifest.xml:10:17-127
99                android:value="com.google.firebase.components.ComponentRegistrar" />
99-->[:firebase_app_check] AndroidManifest.xml:11:17-82
100            <meta-data
100-->[:firebase_auth] AndroidManifest.xml:9:13-11:85
101                android:name="com.google.firebase.components:io.flutter.plugins.firebase.auth.FlutterFirebaseAuthRegistrar"
101-->[:firebase_auth] AndroidManifest.xml:10:17-124
102                android:value="com.google.firebase.components.ComponentRegistrar" />
102-->[:firebase_auth] AndroidManifest.xml:11:17-82
103            <meta-data
103-->[:firebase_in_app_messaging] AndroidManifest.xml:9:13-11:85
104                android:name="com.google.firebase.components:io.flutter.plugins.firebase.inappmessaging.FlutterFirebaseAppRegistrar"
104-->[:firebase_in_app_messaging] AndroidManifest.xml:10:17-133
105                android:value="com.google.firebase.components.ComponentRegistrar" />
105-->[:firebase_in_app_messaging] AndroidManifest.xml:11:17-82
106            <meta-data
106-->[:firebase_messaging] AndroidManifest.xml:36:13-38:85
107                android:name="com.google.firebase.components:io.flutter.plugins.firebase.messaging.FlutterFirebaseAppRegistrar"
107-->[:firebase_messaging] AndroidManifest.xml:37:17-128
108                android:value="com.google.firebase.components.ComponentRegistrar" />
108-->[:firebase_messaging] AndroidManifest.xml:38:17-82
109            <meta-data
109-->[:firebase_storage] AndroidManifest.xml:9:13-11:85
110                android:name="com.google.firebase.components:io.flutter.plugins.firebase.storage.FlutterFirebaseAppRegistrar"
110-->[:firebase_storage] AndroidManifest.xml:10:17-126
111                android:value="com.google.firebase.components.ComponentRegistrar" />
111-->[:firebase_storage] AndroidManifest.xml:11:17-82
112            <meta-data
112-->[:firebase_core] AndroidManifest.xml:9:13-11:85
113                android:name="com.google.firebase.components:io.flutter.plugins.firebase.core.FlutterFirebaseCoreRegistrar"
113-->[:firebase_core] AndroidManifest.xml:10:17-124
114                android:value="com.google.firebase.components.ComponentRegistrar" />
114-->[:firebase_core] AndroidManifest.xml:11:17-82
115            <meta-data
115-->[com.google.firebase:firebase-appcheck-debug:18.0.0] AndroidManifest.xml:25:13-27:85
116                android:name="com.google.firebase.components:com.google.firebase.appcheck.debug.FirebaseAppCheckDebugRegistrar"
116-->[com.google.firebase:firebase-appcheck-debug:18.0.0] AndroidManifest.xml:26:17-128
117                android:value="com.google.firebase.components.ComponentRegistrar" />
117-->[com.google.firebase:firebase-appcheck-debug:18.0.0] AndroidManifest.xml:27:17-82
118            <meta-data
118-->[com.google.firebase:firebase-appcheck-playintegrity:18.0.0] AndroidManifest.xml:25:13-27:85
119                android:name="com.google.firebase.components:com.google.firebase.appcheck.playintegrity.FirebaseAppCheckPlayIntegrityRegistrar"
119-->[com.google.firebase:firebase-appcheck-playintegrity:18.0.0] AndroidManifest.xml:26:17-144
120                android:value="com.google.firebase.components.ComponentRegistrar" />
120-->[com.google.firebase:firebase-appcheck-playintegrity:18.0.0] AndroidManifest.xml:27:17-82
121            <meta-data
121-->[com.google.firebase:firebase-auth:23.2.0] AndroidManifest.xml:69:13-71:85
122                android:name="com.google.firebase.components:com.google.firebase.auth.FirebaseAuthRegistrar"
122-->[com.google.firebase:firebase-auth:23.2.0] AndroidManifest.xml:70:17-109
123                android:value="com.google.firebase.components.ComponentRegistrar" />
123-->[com.google.firebase:firebase-auth:23.2.0] AndroidManifest.xml:71:17-82
124            <meta-data
124-->[com.google.firebase:firebase-inappmessaging-display:21.0.1] AndroidManifest.xml:22:13-24:85
125                android:name="com.google.firebase.components:com.google.firebase.inappmessaging.display.FirebaseInAppMessagingDisplayKtxRegistrar"
125-->[com.google.firebase:firebase-inappmessaging-display:21.0.1] AndroidManifest.xml:23:17-147
126                android:value="com.google.firebase.components.ComponentRegistrar" />
126-->[com.google.firebase:firebase-inappmessaging-display:21.0.1] AndroidManifest.xml:24:17-82
127            <meta-data
127-->[com.google.firebase:firebase-inappmessaging-display:21.0.1] AndroidManifest.xml:25:13-27:85
128                android:name="com.google.firebase.components:com.google.firebase.inappmessaging.display.FirebaseInAppMessagingDisplayRegistrar"
128-->[com.google.firebase:firebase-inappmessaging-display:21.0.1] AndroidManifest.xml:26:17-144
129                android:value="com.google.firebase.components.ComponentRegistrar" />
129-->[com.google.firebase:firebase-inappmessaging-display:21.0.1] AndroidManifest.xml:27:17-82
130            <meta-data
130-->[com.google.firebase:firebase-messaging:24.1.0] AndroidManifest.xml:57:13-59:85
131                android:name="com.google.firebase.components:com.google.firebase.messaging.FirebaseMessagingKtxRegistrar"
131-->[com.google.firebase:firebase-messaging:24.1.0] AndroidManifest.xml:58:17-122
132                android:value="com.google.firebase.components.ComponentRegistrar" />
132-->[com.google.firebase:firebase-messaging:24.1.0] AndroidManifest.xml:59:17-82
133            <meta-data
133-->[com.google.firebase:firebase-messaging:24.1.0] AndroidManifest.xml:60:13-62:85
134                android:name="com.google.firebase.components:com.google.firebase.messaging.FirebaseMessagingRegistrar"
134-->[com.google.firebase:firebase-messaging:24.1.0] AndroidManifest.xml:61:17-119
135                android:value="com.google.firebase.components.ComponentRegistrar" />
135-->[com.google.firebase:firebase-messaging:24.1.0] AndroidManifest.xml:62:17-82
136            <meta-data
136-->[com.google.firebase:firebase-storage:21.0.1] AndroidManifest.xml:30:13-32:85
137                android:name="com.google.firebase.components:com.google.firebase.storage.FirebaseStorageKtxRegistrar"
137-->[com.google.firebase:firebase-storage:21.0.1] AndroidManifest.xml:31:17-118
138                android:value="com.google.firebase.components.ComponentRegistrar" />
138-->[com.google.firebase:firebase-storage:21.0.1] AndroidManifest.xml:32:17-82
139            <meta-data
139-->[com.google.firebase:firebase-storage:21.0.1] AndroidManifest.xml:33:13-35:85
140                android:name="com.google.firebase.components:com.google.firebase.storage.StorageRegistrar"
140-->[com.google.firebase:firebase-storage:21.0.1] AndroidManifest.xml:34:17-107
141                android:value="com.google.firebase.components.ComponentRegistrar" />
141-->[com.google.firebase:firebase-storage:21.0.1] AndroidManifest.xml:35:17-82
142            <meta-data
142-->[com.google.android.gms:play-services-measurement-api:22.2.0] AndroidManifest.xml:33:13-35:85
143                android:name="com.google.firebase.components:com.google.firebase.analytics.connector.internal.AnalyticsConnectorRegistrar"
143-->[com.google.android.gms:play-services-measurement-api:22.2.0] AndroidManifest.xml:34:17-139
144                android:value="com.google.firebase.components.ComponentRegistrar" />
144-->[com.google.android.gms:play-services-measurement-api:22.2.0] AndroidManifest.xml:35:17-82
145            <meta-data
145-->[com.google.firebase:firebase-appcheck-safetynet:16.1.2] AndroidManifest.xml:27:13-29:85
146                android:name="com.google.firebase.components:com.google.firebase.appcheck.safetynet.FirebaseAppCheckSafetyNetRegistrar"
146-->[com.google.firebase:firebase-appcheck-safetynet:16.1.2] AndroidManifest.xml:28:17-136
147                android:value="com.google.firebase.components.ComponentRegistrar" />
147-->[com.google.firebase:firebase-appcheck-safetynet:16.1.2] AndroidManifest.xml:29:17-82
148            <meta-data
148-->[com.google.firebase:firebase-appcheck:18.0.0] AndroidManifest.xml:25:13-27:85
149                android:name="com.google.firebase.components:com.google.firebase.appcheck.FirebaseAppCheckKtxRegistrar"
149-->[com.google.firebase:firebase-appcheck:18.0.0] AndroidManifest.xml:26:17-120
150                android:value="com.google.firebase.components.ComponentRegistrar" />
150-->[com.google.firebase:firebase-appcheck:18.0.0] AndroidManifest.xml:27:17-82
151            <meta-data
151-->[com.google.firebase:firebase-appcheck:18.0.0] AndroidManifest.xml:28:13-30:85
152                android:name="com.google.firebase.components:com.google.firebase.appcheck.FirebaseAppCheckRegistrar"
152-->[com.google.firebase:firebase-appcheck:18.0.0] AndroidManifest.xml:29:17-117
153                android:value="com.google.firebase.components.ComponentRegistrar" />
153-->[com.google.firebase:firebase-appcheck:18.0.0] AndroidManifest.xml:30:17-82
154            <meta-data
154-->[com.google.firebase:firebase-inappmessaging:21.0.1] AndroidManifest.xml:14:13-16:85
155                android:name="com.google.firebase.components:com.google.firebase.inappmessaging.FirebaseInAppMessagingKtxRegistrar"
155-->[com.google.firebase:firebase-inappmessaging:21.0.1] AndroidManifest.xml:15:17-132
156                android:value="com.google.firebase.components.ComponentRegistrar" />
156-->[com.google.firebase:firebase-inappmessaging:21.0.1] AndroidManifest.xml:16:17-82
157            <meta-data
157-->[com.google.firebase:firebase-inappmessaging:21.0.1] AndroidManifest.xml:17:13-19:85
158                android:name="com.google.firebase.components:com.google.firebase.inappmessaging.FirebaseInAppMessagingRegistrar"
158-->[com.google.firebase:firebase-inappmessaging:21.0.1] AndroidManifest.xml:18:17-129
159                android:value="com.google.firebase.components.ComponentRegistrar" />
159-->[com.google.firebase:firebase-inappmessaging:21.0.1] AndroidManifest.xml:19:17-82
160            <meta-data
160-->[com.google.firebase:firebase-installations:18.0.0] AndroidManifest.xml:15:13-17:85
161                android:name="com.google.firebase.components:com.google.firebase.installations.FirebaseInstallationsKtxRegistrar"
161-->[com.google.firebase:firebase-installations:18.0.0] AndroidManifest.xml:16:17-130
162                android:value="com.google.firebase.components.ComponentRegistrar" />
162-->[com.google.firebase:firebase-installations:18.0.0] AndroidManifest.xml:17:17-82
163            <meta-data
163-->[com.google.firebase:firebase-installations:18.0.0] AndroidManifest.xml:18:13-20:85
164                android:name="com.google.firebase.components:com.google.firebase.installations.FirebaseInstallationsRegistrar"
164-->[com.google.firebase:firebase-installations:18.0.0] AndroidManifest.xml:19:17-127
165                android:value="com.google.firebase.components.ComponentRegistrar" />
165-->[com.google.firebase:firebase-installations:18.0.0] AndroidManifest.xml:20:17-82
166            <meta-data
166-->[com.google.firebase:firebase-common-ktx:21.0.0] AndroidManifest.xml:12:13-14:85
167                android:name="com.google.firebase.components:com.google.firebase.ktx.FirebaseCommonLegacyRegistrar"
167-->[com.google.firebase:firebase-common-ktx:21.0.0] AndroidManifest.xml:13:17-116
168                android:value="com.google.firebase.components.ComponentRegistrar" />
168-->[com.google.firebase:firebase-common-ktx:21.0.0] AndroidManifest.xml:14:17-82
169            <meta-data
169-->[com.google.firebase:firebase-common:21.0.0] AndroidManifest.xml:35:13-37:85
170                android:name="com.google.firebase.components:com.google.firebase.FirebaseCommonKtxRegistrar"
170-->[com.google.firebase:firebase-common:21.0.0] AndroidManifest.xml:36:17-109
171                android:value="com.google.firebase.components.ComponentRegistrar" />
171-->[com.google.firebase:firebase-common:21.0.0] AndroidManifest.xml:37:17-82
172            <meta-data
172-->[com.google.firebase:firebase-abt:21.1.1] AndroidManifest.xml:12:13-14:85
173                android:name="com.google.firebase.components:com.google.firebase.abt.component.AbtRegistrar"
173-->[com.google.firebase:firebase-abt:21.1.1] AndroidManifest.xml:13:17-109
174                android:value="com.google.firebase.components.ComponentRegistrar" />
174-->[com.google.firebase:firebase-abt:21.1.1] AndroidManifest.xml:14:17-82
175            <meta-data
175-->[com.google.firebase:firebase-datatransport:18.2.0] AndroidManifest.xml:25:13-27:85
176                android:name="com.google.firebase.components:com.google.firebase.datatransport.TransportRegistrar"
176-->[com.google.firebase:firebase-datatransport:18.2.0] AndroidManifest.xml:26:17-115
177                android:value="com.google.firebase.components.ComponentRegistrar" />
177-->[com.google.firebase:firebase-datatransport:18.2.0] AndroidManifest.xml:27:17-82
178        </service>
179        <service
179-->[:firebase_messaging] AndroidManifest.xml:14:9-17:72
180            android:name="io.flutter.plugins.firebase.messaging.FlutterFirebaseMessagingBackgroundService"
180-->[:firebase_messaging] AndroidManifest.xml:15:13-107
181            android:exported="false"
181-->[:firebase_messaging] AndroidManifest.xml:16:13-37
182            android:permission="android.permission.BIND_JOB_SERVICE" />
182-->[:firebase_messaging] AndroidManifest.xml:17:13-69
183        <service
183-->[:firebase_messaging] AndroidManifest.xml:18:9-24:19
184            android:name="io.flutter.plugins.firebase.messaging.FlutterFirebaseMessagingService"
184-->[:firebase_messaging] AndroidManifest.xml:19:13-97
185            android:exported="false" >
185-->[:firebase_messaging] AndroidManifest.xml:20:13-37
186            <intent-filter>
186-->[:firebase_messaging] AndroidManifest.xml:21:13-23:29
187                <action android:name="com.google.firebase.MESSAGING_EVENT" />
187-->[:firebase_messaging] AndroidManifest.xml:22:17-78
187-->[:firebase_messaging] AndroidManifest.xml:22:25-75
188            </intent-filter>
189        </service>
190
191        <receiver
191-->[:firebase_messaging] AndroidManifest.xml:26:9-33:20
192            android:name="io.flutter.plugins.firebase.messaging.FlutterFirebaseMessagingReceiver"
192-->[:firebase_messaging] AndroidManifest.xml:27:13-98
193            android:exported="true"
193-->[:firebase_messaging] AndroidManifest.xml:28:13-36
194            android:permission="com.google.android.c2dm.permission.SEND" >
194-->[:firebase_messaging] AndroidManifest.xml:29:13-73
195            <intent-filter>
195-->[:firebase_messaging] AndroidManifest.xml:30:13-32:29
196                <action android:name="com.google.android.c2dm.intent.RECEIVE" />
196-->[:firebase_messaging] AndroidManifest.xml:31:17-81
196-->[:firebase_messaging] AndroidManifest.xml:31:25-78
197            </intent-filter>
198        </receiver>
199
200        <provider
200-->[:firebase_messaging] AndroidManifest.xml:41:9-45:38
201            android:name="io.flutter.plugins.firebase.messaging.FlutterFirebaseMessagingInitProvider"
201-->[:firebase_messaging] AndroidManifest.xml:42:13-102
202            android:authorities="com.example.push_notification.flutterfirebasemessaginginitprovider"
202-->[:firebase_messaging] AndroidManifest.xml:43:13-88
203            android:exported="false"
203-->[:firebase_messaging] AndroidManifest.xml:44:13-37
204            android:initOrder="99" />
204-->[:firebase_messaging] AndroidManifest.xml:45:13-35
205
206        <activity
206-->[com.google.firebase:firebase-auth:23.2.0] AndroidManifest.xml:29:9-46:20
207            android:name="com.google.firebase.auth.internal.GenericIdpActivity"
207-->[com.google.firebase:firebase-auth:23.2.0] AndroidManifest.xml:30:13-80
208            android:excludeFromRecents="true"
208-->[com.google.firebase:firebase-auth:23.2.0] AndroidManifest.xml:31:13-46
209            android:exported="true"
209-->[com.google.firebase:firebase-auth:23.2.0] AndroidManifest.xml:32:13-36
210            android:launchMode="singleTask"
210-->[com.google.firebase:firebase-auth:23.2.0] AndroidManifest.xml:33:13-44
211            android:theme="@android:style/Theme.Translucent.NoTitleBar" >
211-->[com.google.firebase:firebase-auth:23.2.0] AndroidManifest.xml:34:13-72
212            <intent-filter>
212-->[com.google.firebase:firebase-auth:23.2.0] AndroidManifest.xml:35:13-45:29
213                <action android:name="android.intent.action.VIEW" />
213-->[com.google.firebase:firebase-auth:23.2.0] AndroidManifest.xml:36:17-69
213-->[com.google.firebase:firebase-auth:23.2.0] AndroidManifest.xml:36:25-66
214
215                <category android:name="android.intent.category.DEFAULT" />
215-->[com.google.firebase:firebase-auth:23.2.0] AndroidManifest.xml:38:17-76
215-->[com.google.firebase:firebase-auth:23.2.0] AndroidManifest.xml:38:27-73
216                <category android:name="android.intent.category.BROWSABLE" />
216-->[com.google.firebase:firebase-auth:23.2.0] AndroidManifest.xml:39:17-78
216-->[com.google.firebase:firebase-auth:23.2.0] AndroidManifest.xml:39:27-75
217
218                <data
218-->src\main\AndroidManifest.xml:44:13-50
219                    android:host="firebase.auth"
220                    android:path="/"
221                    android:scheme="genericidp" />
222            </intent-filter>
223        </activity>
224        <activity
224-->[com.google.firebase:firebase-auth:23.2.0] AndroidManifest.xml:47:9-64:20
225            android:name="com.google.firebase.auth.internal.RecaptchaActivity"
225-->[com.google.firebase:firebase-auth:23.2.0] AndroidManifest.xml:48:13-79
226            android:excludeFromRecents="true"
226-->[com.google.firebase:firebase-auth:23.2.0] AndroidManifest.xml:49:13-46
227            android:exported="true"
227-->[com.google.firebase:firebase-auth:23.2.0] AndroidManifest.xml:50:13-36
228            android:launchMode="singleTask"
228-->[com.google.firebase:firebase-auth:23.2.0] AndroidManifest.xml:51:13-44
229            android:theme="@android:style/Theme.Translucent.NoTitleBar" >
229-->[com.google.firebase:firebase-auth:23.2.0] AndroidManifest.xml:52:13-72
230            <intent-filter>
230-->[com.google.firebase:firebase-auth:23.2.0] AndroidManifest.xml:53:13-63:29
231                <action android:name="android.intent.action.VIEW" />
231-->[com.google.firebase:firebase-auth:23.2.0] AndroidManifest.xml:36:17-69
231-->[com.google.firebase:firebase-auth:23.2.0] AndroidManifest.xml:36:25-66
232
233                <category android:name="android.intent.category.DEFAULT" />
233-->[com.google.firebase:firebase-auth:23.2.0] AndroidManifest.xml:38:17-76
233-->[com.google.firebase:firebase-auth:23.2.0] AndroidManifest.xml:38:27-73
234                <category android:name="android.intent.category.BROWSABLE" />
234-->[com.google.firebase:firebase-auth:23.2.0] AndroidManifest.xml:39:17-78
234-->[com.google.firebase:firebase-auth:23.2.0] AndroidManifest.xml:39:27-75
235
236                <data
236-->src\main\AndroidManifest.xml:44:13-50
237                    android:host="firebase.auth"
238                    android:path="/"
239                    android:scheme="recaptcha" />
240            </intent-filter>
241        </activity>
242
243        <receiver
243-->[com.google.firebase:firebase-messaging:24.1.0] AndroidManifest.xml:29:9-40:20
244            android:name="com.google.firebase.iid.FirebaseInstanceIdReceiver"
244-->[com.google.firebase:firebase-messaging:24.1.0] AndroidManifest.xml:30:13-78
245            android:exported="true"
245-->[com.google.firebase:firebase-messaging:24.1.0] AndroidManifest.xml:31:13-36
246            android:permission="com.google.android.c2dm.permission.SEND" >
246-->[com.google.firebase:firebase-messaging:24.1.0] AndroidManifest.xml:32:13-73
247            <intent-filter>
247-->[:firebase_messaging] AndroidManifest.xml:30:13-32:29
248                <action android:name="com.google.android.c2dm.intent.RECEIVE" />
248-->[:firebase_messaging] AndroidManifest.xml:31:17-81
248-->[:firebase_messaging] AndroidManifest.xml:31:25-78
249            </intent-filter>
250
251            <meta-data
251-->[com.google.firebase:firebase-messaging:24.1.0] AndroidManifest.xml:37:13-39:40
252                android:name="com.google.android.gms.cloudmessaging.FINISHED_AFTER_HANDLED"
252-->[com.google.firebase:firebase-messaging:24.1.0] AndroidManifest.xml:38:17-92
253                android:value="true" />
253-->[com.google.firebase:firebase-messaging:24.1.0] AndroidManifest.xml:39:17-37
254        </receiver>
255        <!--
256             FirebaseMessagingService performs security checks at runtime,
257             but set to not exported to explicitly avoid allowing another app to call it.
258        -->
259        <service
259-->[com.google.firebase:firebase-messaging:24.1.0] AndroidManifest.xml:46:9-53:19
260            android:name="com.google.firebase.messaging.FirebaseMessagingService"
260-->[com.google.firebase:firebase-messaging:24.1.0] AndroidManifest.xml:47:13-82
261            android:directBootAware="true"
261-->[com.google.firebase:firebase-messaging:24.1.0] AndroidManifest.xml:48:13-43
262            android:exported="false" >
262-->[com.google.firebase:firebase-messaging:24.1.0] AndroidManifest.xml:49:13-37
263            <intent-filter android:priority="-500" >
263-->[:firebase_messaging] AndroidManifest.xml:21:13-23:29
264                <action android:name="com.google.firebase.MESSAGING_EVENT" />
264-->[:firebase_messaging] AndroidManifest.xml:22:17-78
264-->[:firebase_messaging] AndroidManifest.xml:22:25-75
265            </intent-filter>
266        </service>
267        <service
267-->[androidx.credentials:credentials-play-services-auth:1.2.0-rc01] AndroidManifest.xml:24:9-32:19
268            android:name="androidx.credentials.playservices.CredentialProviderMetadataHolder"
268-->[androidx.credentials:credentials-play-services-auth:1.2.0-rc01] AndroidManifest.xml:25:13-94
269            android:enabled="true"
269-->[androidx.credentials:credentials-play-services-auth:1.2.0-rc01] AndroidManifest.xml:26:13-35
270            android:exported="false" >
270-->[androidx.credentials:credentials-play-services-auth:1.2.0-rc01] AndroidManifest.xml:27:13-37
271            <meta-data
271-->[androidx.credentials:credentials-play-services-auth:1.2.0-rc01] AndroidManifest.xml:29:13-31:104
272                android:name="androidx.credentials.CREDENTIAL_PROVIDER_KEY"